  2DScene.cpp
  3DScene.cpp
  BezierBill.cpp
BezierBill.cpp(98): warning C4244: '初期化中': 'double' から 'float' への変換です。データが失われる可能性があります。
BezierBill.cpp(99): warning C4244: '初期化中': 'double' から 'float' への変換です。データが失われる可能性があります。
BezierBill.cpp(190): warning C4244: '引数': 'double' から 'FLOAT' への変換です。データが失われる可能性があります。
BezierBill.cpp(267): warning C4244: '引数': 'double' から 'FLOAT' への変換です。データが失われる可能性があります。
BezierBill.cpp(431): warning C4244: '引数': 'double' から 'FLOAT' への変換です。データが失われる可能性があります。
  billeffect.cpp
  Butten.cpp
Butten.cpp(26): warning C4244: '初期化中': 'float' から 'int' への変換です。データが失われる可能性があります。
Butten.cpp(29): warning C4244: '初期化中': 'float' から 'int' への変換です。データが失われる可能性があります。
Butten.cpp(363): warning C4244: '引数': 'float' から 'int' への変換です。データが失われる可能性があります。
Butten.cpp(372): warning C4244: '引数': 'float' から 'int' への変換です。データが失われる可能性があります。
Butten.cpp(390): warning C4244: '引数': 'float' から 'int' への変換です。データが失われる可能性があります。
Butten.cpp(393): warning C4244: '引数': 'float' から 'int' への変換です。データが失われる可能性があります。
  control.cpp
  effect.cpp
  FieldEffect.cpp
  IntermediateSave.cpp
  main.cpp
  manager.cpp
  MeshEffect.cpp
  player.cpp
player.cpp(27): warning C4244: '初期化中': 'float' から 'int' への変換です。データが失われる可能性があります。
player.cpp(30): warning C4244: '初期化中': 'float' から 'int' への変換です。データが失われる可能性があります。
player.cpp(500): warning C4244: '引数': 'const float' から 'int' への変換です。データが失われる可能性があります。
  renderer.cpp
  Rotate3d.cpp
  seteffect.cpp
seteffect.cpp(221): warning C4244: '引数': 'float' から 'int' への変換です。データが失われる可能性があります。
  SetEffect3d.cpp
SetEffect3d.cpp(28): warning C4244: '初期化中': 'float' から 'int' への変換です。データが失われる可能性があります。
SetEffect3d.cpp(31): warning C4244: '初期化中': 'float' から 'int' への変換です。データが失われる可能性があります。
SetEffect3d.cpp(188): warning C4244: '引数': 'double' から 'float' への変換です。データが失われる可能性があります。
  Sphere.cpp
  コード生成しています。
  3 of 635 functions ( 0.5%) were compiled, the rest were copied from previous compilation.
    0 functions were new in current compilation
    0 functions had inline decision re-evaluated but remain unchanged
  コード生成が終了しました。
  Effect_Tool.vcxproj -> C:\Users\student\Desktop\プログラム\ツール\BuckUp\Effect_Tool\Release\Effect_Tool.exe
  Effect_Tool.vcxproj -> C:\Users\student\Desktop\プログラム\ツール\BuckUp\Effect_Tool\Release\Effect_Tool.pdb (Full PDB)
